TN:
SF:/home/sum/DEV/ETH/POLKASTARTER/Staking/staking-pols-v2/contracts/IPolsStakeMigrate.sol
FNF:0
FNH:0
LF:0
LH:0
BRF:0
BRH:0
end_of_record
TN:
SF:/home/sum/DEV/ETH/POLKASTARTER/Staking/staking-pols-v2/contracts/PolsStakeV2.sol
FN:96,constructor
FN:113,stake
FN:117,getLockTimePeriod
FN:121,setLockTimePeriodDefault
FN:130,toUint48
FN:135,toUint128
FN:143,max
FN:150,min
FN:158,stakeTime
FN:162,stakeAmount
FN:167,balanceOf
FN:171,userAccumulatedRewards
FN:179,getUnlockTime
FN:187,remainingLockPeriod
FN:236,getRewardTokenBalance
FN:247,getLockTimePeriodOptions
FN:251,getLockTimePeriodRewardFactors
FN:257,setLockedRewardsEnabled
FN:262,setUnlockedRewardsFactor
FN:272,setRewardToken
FN:290,setLockTimePeriodOptions
FN:310,setStakeRewardFactor
FN:319,setStakeRewardEndTime
FN:325,isContract
FN:333,setPrevPolsStaking
FN:343,burnRewards
FN:358,mintRewards
FN:365,stakeAmount_msgSender
FN:369,stakeTime_msgSender
FN:373,getUnlockTime_msgSender
FN:377,userClaimableRewards_msgSender
FN:381,userAccumulatedRewards_msgSender
FN:385,userTotalRewards_msgSender
FN:389,getEarnedRewardTokens_msgSender
FN:397,remainingLockPeriod_msgSender
FN:424,_userClaimableRewardsCalculation
FN:501,userClaimableRewardsCurrent
FN:520,userClaimableRewards
FN:524,userTotalRewards
FN:528,getEarnedRewardTokens
FN:546,_updateRewards
FN:564,_stakelockTimeChoice
FN:616,extendLockTime
FN:633,migrateRewards
FN:656,_withdraw
FN:679,_claim
FN:702,stakelockTimeChoice
FN:711,topUp
FN:716,claim
FN:720,withdraw
FN:724,withdrawAll
FN:739,removeOtherERC20Tokens
FNF:52
FNH:44
FNDA:5,constructor
FNDA:49,stake
FNDA:6,getLockTimePeriod
FNDA:6,setLockTimePeriodDefault
FNDA:983,toUint48
FNDA:306,toUint128
FNDA:0,max
FNDA:393,min
FNDA:0,stakeTime
FNDA:32,stakeAmount
FNDA:0,balanceOf
FNDA:2,userAccumulatedRewards
FNDA:178,getUnlockTime
FNDA:8,remainingLockPeriod
FNDA:78,getRewardTokenBalance
FNDA:10,getLockTimePeriodOptions
FNDA:4,getLockTimePeriodRewardFactors
FNDA:6,setLockedRewardsEnabled
FNDA:30,setUnlockedRewardsFactor
FNDA:48,setRewardToken
FNDA:32,setLockTimePeriodOptions
FNDA:12,setStakeRewardFactor
FNDA:0,setStakeRewardEndTime
FNDA:3,isContract
FNDA:3,setPrevPolsStaking
FNDA:0,burnRewards
FNDA:0,mintRewards
FNDA:86,stakeAmount_msgSender
FNDA:12,stakeTime_msgSender
FNDA:6,getUnlockTime_msgSender
FNDA:30,userClaimableRewards_msgSender
FNDA:33,userAccumulatedRewards_msgSender
FNDA:24,userTotalRewards_msgSender
FNDA:8,getEarnedRewardTokens_msgSender
FNDA:8,remainingLockPeriod_msgSender
FNDA:533,_userClaimableRewardsCalculation
FNDA:422,userClaimableRewardsCurrent
FNDA:0,userClaimableRewards
FNDA:54,userTotalRewards
FNDA:34,getEarnedRewardTokens
FNDA:160,_updateRewards
FNDA:180,_stakelockTimeChoice
FNDA:0,extendLockTime
FNDA:15,migrateRewards
FNDA:166,_withdraw
FNDA:26,_claim
FNDA:129,stakelockTimeChoice
FNDA:2,topUp
FNDA:26,claim
FNDA:84,withdraw
FNDA:82,withdrawAll
FNDA:39,removeOtherERC20Tokens
DA:97,5
DA:99,5
DA:102,5
DA:103,5
DA:104,5
DA:105,5
DA:106,5
DA:114,49
DA:118,6
DA:122,6
DA:131,983
DA:132,983
DA:136,306
DA:137,306
DA:144,0
DA:151,393
DA:159,0
DA:163,32
DA:168,0
DA:172,2
DA:180,178
DA:188,8
DA:189,8
DA:190,4
DA:192,4
DA:237,78
DA:238,52
DA:239,52
DA:240,26
DA:248,10
DA:252,4
DA:258,6
DA:259,6
DA:263,30
DA:264,26
DA:273,48
DA:274,48
DA:275,48
DA:276,24
DA:278,46
DA:279,43
DA:291,32
DA:292,26
DA:293,26
DA:294,26
DA:295,182
DA:298,6
DA:300,32
DA:301,32
DA:302,32
DA:311,12
DA:312,12
DA:320,0
DA:321,0
DA:322,0
DA:326,3
DA:327,3
DA:330,3
DA:334,3
DA:335,3
DA:336,3
DA:344,0
DA:346,0
DA:347,0
DA:349,0
DA:351,0
DA:359,0
DA:360,0
DA:366,86
DA:370,12
DA:374,6
DA:378,30
DA:382,33
DA:386,24
DA:390,8
DA:398,8
DA:434,533
DA:438,378
DA:443,352
DA:448,342
DA:450,332
DA:451,332
DA:452,332
DA:458,332
DA:460,230
DA:462,93
DA:463,93
DA:464,68
DA:466,93
DA:471,137
DA:472,7
DA:477,130
DA:481,130
DA:482,130
DA:483,130
DA:489,102
DA:490,102
DA:493,332
DA:502,422
DA:503,422
DA:521,0
DA:525,54
DA:529,34
DA:530,4
DA:532,30
DA:549,160
DA:550,160
DA:554,160
DA:565,180
DA:570,178
DA:573,178
DA:577,178
DA:579,178
DA:581,178
DA:582,148
DA:583,148
DA:584,148
DA:585,148
DA:589,30
DA:592,172
DA:593,150
DA:594,150
DA:596,150
DA:599,172
DA:608,160
DA:617,0
DA:619,0
DA:620,0
DA:621,0
DA:622,0
DA:623,0
DA:624,0
DA:626,0
DA:627,0
DA:635,15
DA:637,15
DA:639,15
DA:640,12
DA:641,12
DA:642,11
DA:644,12
DA:657,166
DA:658,164
DA:660,160
DA:662,160
DA:663,156
DA:664,156
DA:666,156
DA:669,156
DA:671,139
DA:672,139
DA:680,26
DA:681,26
DA:682,26
DA:685,26
DA:686,26
DA:687,26
DA:690,26
DA:691,26
DA:693,24
DA:694,23
DA:703,129
DA:712,2
DA:713,2
DA:717,26
DA:721,84
DA:725,82
DA:740,39
DA:741,39
DA:742,39
DA:743,33
LF:171
LH:148
BRDA:97,1,0,5
BRDA:97,1,1,0
BRDA:113,2,0,49
BRDA:113,2,1,0
BRDA:121,3,0,6
BRDA:121,3,1,0
BRDA:131,4,0,983
BRDA:131,4,1,0
BRDA:136,5,0,306
BRDA:136,5,1,0
BRDA:144,6,0,0
BRDA:144,6,1,0
BRDA:151,7,0,302
BRDA:151,7,1,91
BRDA:189,8,0,4
BRDA:189,8,1,4
BRDA:237,9,0,26
BRDA:237,9,1,52
BRDA:239,10,0,26
BRDA:239,10,1,26
BRDA:257,11,0,6
BRDA:257,11,1,2
BRDA:262,12,0,30
BRDA:262,12,1,0
BRDA:272,13,0,48
BRDA:272,13,1,0
BRDA:272,14,0,48
BRDA:272,14,1,0
BRDA:275,15,0,24
BRDA:275,15,1,24
BRDA:290,16,0,32
BRDA:290,16,1,0
BRDA:291,17,0,26
BRDA:291,17,1,6
BRDA:300,18,0,32
BRDA:300,18,1,0
BRDA:310,19,0,12
BRDA:310,19,1,0
BRDA:319,20,0,0
BRDA:319,20,1,0
BRDA:320,21,0,0
BRDA:320,21,1,0
BRDA:333,22,0,3
BRDA:333,22,1,0
BRDA:334,23,0,3
BRDA:334,23,1,0
BRDA:343,24,0,0
BRDA:343,24,1,0
BRDA:346,25,0,0
BRDA:346,25,1,0
BRDA:358,26,0,0
BRDA:358,26,1,0
BRDA:434,27,0,155
BRDA:434,27,1,378
BRDA:438,28,0,352
BRDA:438,28,1,26
BRDA:443,29,0,342
BRDA:443,29,1,10
BRDA:448,30,0,10
BRDA:448,30,1,332
BRDA:458,31,0,230
BRDA:458,31,1,102
BRDA:460,32,0,93
BRDA:460,32,1,137
BRDA:463,33,0,68
BRDA:463,33,1,25
BRDA:471,34,0,7
BRDA:471,34,1,130
BRDA:481,35,0,130
BRDA:481,35,1,0
BRDA:529,36,0,4
BRDA:529,36,1,30
BRDA:529,37,0,4
BRDA:529,37,1,0
BRDA:565,38,0,2
BRDA:565,38,1,178
BRDA:581,39,0,148
BRDA:581,39,1,30
BRDA:583,40,0,148
BRDA:583,40,1,0
BRDA:589,41,0,26
BRDA:589,41,1,4
BRDA:592,42,0,150
BRDA:592,42,1,22
BRDA:617,43,0,0
BRDA:617,43,1,0
BRDA:620,44,0,0
BRDA:620,44,1,0
BRDA:623,45,0,0
BRDA:623,45,1,0
BRDA:639,46,0,12
BRDA:639,46,1,3
BRDA:657,47,0,164
BRDA:657,47,1,2
BRDA:658,48,0,160
BRDA:658,48,1,4
BRDA:662,49,0,156
BRDA:662,49,1,4
BRDA:680,50,0,26
BRDA:680,50,1,0
BRDA:682,51,0,26
BRDA:682,51,1,0
BRDA:690,52,0,26
BRDA:690,52,1,0
BRDA:702,53,0,129
BRDA:702,53,1,0
BRDA:711,54,0,2
BRDA:711,54,1,0
BRDA:712,55,0,2
BRDA:712,55,1,0
BRDA:716,56,0,26
BRDA:716,56,1,0
BRDA:720,57,0,84
BRDA:720,57,1,0
BRDA:724,58,0,82
BRDA:724,58,1,0
BRDA:739,59,0,39
BRDA:739,59,1,0
BRDA:740,60,0,39
BRDA:740,60,1,0
BRF:120
BRH:75
end_of_record
