TN:
SF:/home/sum/DEV/ETH/POLKASTARTER/Staking/staking-pols-v2/contracts/BitMap256.sol
FN:22,getBitMap
FN:29,get
FN:36,setTo
FN:51,set
FN:58,unset
FNF:5
FNH:0
FNDA:0,getBitMap
FNDA:0,get
FNDA:0,setTo
FNDA:0,set
FNDA:0,unset
DA:23,0
DA:30,0
DA:41,0
DA:42,0
DA:44,0
DA:52,0
DA:59,0
LF:7
LH:0
BRDA:41,1,0,0
BRDA:41,1,1,0
BRF:2
BRH:0
end_of_record
TN:
SF:/home/sum/DEV/ETH/POLKASTARTER/Staking/staking-pols-v2/contracts/IPolsStakeMigrate.sol
FNF:0
FNH:0
LF:0
LH:0
BRF:0
BRH:0
end_of_record
TN:
SF:/home/sum/DEV/ETH/POLKASTARTER/Staking/staking-pols-v2/contracts/Pausable.sol
FN:33,constructor
FN:44,whenNotPaused
FN:56,whenPaused
FN:64,paused
FN:71,_requireNotPaused
FN:78,_requirePaused
FN:89,_pause
FN:101,_unpause
FNF:8
FNH:0
FNDA:0,constructor
FNDA:0,whenNotPaused
FNDA:0,whenPaused
FNDA:0,paused
FNDA:0,_requireNotPaused
FNDA:0,_requirePaused
FNDA:0,_pause
FNDA:0,_unpause
DA:34,0
DA:45,0
DA:46,0
DA:57,0
DA:58,0
DA:65,0
DA:72,0
DA:79,0
DA:90,0
DA:91,0
DA:102,0
DA:103,0
LF:12
LH:0
BRDA:72,1,0,0
BRDA:72,1,1,0
BRDA:79,2,0,0
BRDA:79,2,1,0
BRDA:89,3,0,0
BRDA:89,3,1,0
BRDA:101,4,0,0
BRDA:101,4,1,0
BRF:8
BRH:0
end_of_record
TN:
SF:/home/sum/DEV/ETH/POLKASTARTER/Staking/staking-pols-v2/contracts/PolsStakeV2.sol
FN:103,constructor
FN:120,stake
FN:124,getLockTimePeriod
FN:128,setLockTimePeriodDefault
FN:137,toUint48
FN:142,toUint128
FN:150,max
FN:157,min
FN:165,stakeTime
FN:169,stakeAmount
FN:174,balanceOf
FN:178,userAccumulatedRewards
FN:186,getUnlockTime
FN:194,remainingLockPeriod
FN:243,getRewardTokenBalance
FN:254,getLockTimePeriodOptions
FN:258,getLockTimePeriodRewardFactors
FN:264,setLockedRewardsEnabled
FN:269,setUnlockedRewardsFactor
FN:274,setUserStakeAmountMax
FN:284,setRewardToken
FN:302,setLockTimePeriodOptions
FN:322,setStakeRewardFactor
FN:331,setStakeRewardEndTime
FN:337,isContract
FN:345,setPrevPolsStaking
FN:355,burnRewards
FN:370,mintRewards
FN:377,stakeAmount_msgSender
FN:381,stakeTime_msgSender
FN:385,getUnlockTime_msgSender
FN:389,userClaimableRewards_msgSender
FN:393,userAccumulatedRewards_msgSender
FN:397,userTotalRewards_msgSender
FN:401,getEarnedRewardTokens_msgSender
FN:409,remainingLockPeriod_msgSender
FN:436,_userClaimableRewardsCalculation
FN:513,userClaimableRewardsCurrent
FN:532,userClaimableRewards
FN:536,userTotalRewards
FN:540,getEarnedRewardTokens
FN:558,_updateRewards
FN:576,_stakelockTimeChoice
FN:631,extendLockTime
FN:648,migrateRewards
FN:671,_withdraw
FN:694,_claim
FN:717,stakelockTimeChoice
FN:726,topUp
FN:731,claim
FN:735,withdraw
FN:739,withdrawAll
FN:754,removeOtherERC20Tokens
FNF:53
FNH:45
FNDA:5,constructor
FNDA:49,stake
FNDA:6,getLockTimePeriod
FNDA:6,setLockTimePeriodDefault
FNDA:991,toUint48
FNDA:310,toUint128
FNDA:0,max
FNDA:393,min
FNDA:0,stakeTime
FNDA:32,stakeAmount
FNDA:0,balanceOf
FNDA:2,userAccumulatedRewards
FNDA:178,getUnlockTime
FNDA:8,remainingLockPeriod
FNDA:78,getRewardTokenBalance
FNDA:10,getLockTimePeriodOptions
FNDA:4,getLockTimePeriodRewardFactors
FNDA:6,setLockedRewardsEnabled
FNDA:30,setUnlockedRewardsFactor
FNDA:12,setUserStakeAmountMax
FNDA:48,setRewardToken
FNDA:32,setLockTimePeriodOptions
FNDA:12,setStakeRewardFactor
FNDA:0,setStakeRewardEndTime
FNDA:3,isContract
FNDA:3,setPrevPolsStaking
FNDA:0,burnRewards
FNDA:0,mintRewards
FNDA:86,stakeAmount_msgSender
FNDA:12,stakeTime_msgSender
FNDA:6,getUnlockTime_msgSender
FNDA:30,userClaimableRewards_msgSender
FNDA:33,userAccumulatedRewards_msgSender
FNDA:24,userTotalRewards_msgSender
FNDA:8,getEarnedRewardTokens_msgSender
FNDA:8,remainingLockPeriod_msgSender
FNDA:537,_userClaimableRewardsCalculation
FNDA:426,userClaimableRewardsCurrent
FNDA:0,userClaimableRewards
FNDA:54,userTotalRewards
FNDA:34,getEarnedRewardTokens
FNDA:160,_updateRewards
FNDA:184,_stakelockTimeChoice
FNDA:0,extendLockTime
FNDA:15,migrateRewards
FNDA:166,_withdraw
FNDA:26,_claim
FNDA:133,stakelockTimeChoice
FNDA:2,topUp
FNDA:26,claim
FNDA:84,withdraw
FNDA:82,withdrawAll
FNDA:39,removeOtherERC20Tokens
DA:104,5
DA:106,5
DA:109,5
DA:110,5
DA:111,5
DA:112,5
DA:113,5
DA:121,49
DA:125,6
DA:129,6
DA:138,991
DA:139,991
DA:143,310
DA:144,310
DA:151,0
DA:158,393
DA:166,0
DA:170,32
DA:175,0
DA:179,2
DA:187,178
DA:195,8
DA:196,8
DA:197,4
DA:199,4
DA:244,78
DA:245,52
DA:246,52
DA:247,26
DA:255,10
DA:259,4
DA:265,6
DA:266,6
DA:270,30
DA:271,26
DA:275,12
DA:276,12
DA:285,48
DA:286,48
DA:287,48
DA:288,24
DA:290,46
DA:291,43
DA:303,32
DA:304,26
DA:305,26
DA:306,26
DA:307,182
DA:310,6
DA:312,32
DA:313,32
DA:314,32
DA:323,12
DA:324,12
DA:332,0
DA:333,0
DA:334,0
DA:338,3
DA:339,3
DA:342,3
DA:346,3
DA:347,3
DA:348,3
DA:356,0
DA:358,0
DA:359,0
DA:361,0
DA:363,0
DA:371,0
DA:372,0
DA:378,86
DA:382,12
DA:386,6
DA:390,30
DA:394,33
DA:398,24
DA:402,8
DA:410,8
DA:446,537
DA:450,378
DA:455,352
DA:460,342
DA:462,332
DA:463,332
DA:464,332
DA:470,332
DA:472,230
DA:474,93
DA:475,93
DA:476,68
DA:478,93
DA:483,137
DA:484,7
DA:489,130
DA:493,130
DA:494,130
DA:495,130
DA:501,102
DA:502,102
DA:505,332
DA:514,426
DA:515,426
DA:533,0
DA:537,54
DA:541,34
DA:542,4
DA:544,30
DA:561,160
DA:562,160
DA:566,160
DA:577,184
DA:582,182
DA:586,182
DA:590,182
DA:592,182
DA:594,182
DA:595,152
DA:596,152
DA:597,152
DA:598,152
DA:602,30
DA:605,176
DA:606,154
DA:607,154
DA:608,150
DA:609,150
DA:611,150
DA:614,172
DA:623,160
DA:632,0
DA:634,0
DA:635,0
DA:636,0
DA:637,0
DA:638,0
DA:639,0
DA:641,0
DA:642,0
DA:650,15
DA:652,15
DA:654,15
DA:655,12
DA:656,12
DA:657,11
DA:659,12
DA:672,166
DA:673,164
DA:675,160
DA:677,160
DA:678,156
DA:679,156
DA:681,156
DA:684,156
DA:686,139
DA:687,139
DA:695,26
DA:696,26
DA:697,26
DA:700,26
DA:701,26
DA:702,26
DA:705,26
DA:706,26
DA:708,24
DA:709,23
DA:718,133
DA:727,2
DA:728,2
DA:732,26
DA:736,84
DA:740,82
DA:755,39
DA:756,39
DA:757,39
DA:758,33
LF:175
LH:152
BRDA:104,1,0,5
BRDA:104,1,1,0
BRDA:120,2,0,49
BRDA:120,2,1,0
BRDA:128,3,0,6
BRDA:128,3,1,0
BRDA:138,4,0,991
BRDA:138,4,1,0
BRDA:143,5,0,310
BRDA:143,5,1,0
BRDA:151,6,0,0
BRDA:151,6,1,0
BRDA:158,7,0,302
BRDA:158,7,1,91
BRDA:196,8,0,4
BRDA:196,8,1,4
BRDA:244,9,0,26
BRDA:244,9,1,52
BRDA:246,10,0,26
BRDA:246,10,1,26
BRDA:264,11,0,6
BRDA:264,11,1,2
BRDA:269,12,0,30
BRDA:269,12,1,0
BRDA:274,13,0,12
BRDA:274,13,1,4
BRDA:284,14,0,48
BRDA:284,14,1,0
BRDA:284,15,0,48
BRDA:284,15,1,0
BRDA:287,16,0,24
BRDA:287,16,1,24
BRDA:302,17,0,32
BRDA:302,17,1,0
BRDA:303,18,0,26
BRDA:303,18,1,6
BRDA:312,19,0,32
BRDA:312,19,1,0
BRDA:322,20,0,12
BRDA:322,20,1,0
BRDA:331,21,0,0
BRDA:331,21,1,0
BRDA:332,22,0,0
BRDA:332,22,1,0
BRDA:345,23,0,3
BRDA:345,23,1,0
BRDA:346,24,0,3
BRDA:346,24,1,0
BRDA:355,25,0,0
BRDA:355,25,1,0
BRDA:358,26,0,0
BRDA:358,26,1,0
BRDA:370,27,0,0
BRDA:370,27,1,0
BRDA:446,28,0,159
BRDA:446,28,1,378
BRDA:450,29,0,352
BRDA:450,29,1,26
BRDA:455,30,0,342
BRDA:455,30,1,10
BRDA:460,31,0,10
BRDA:460,31,1,332
BRDA:470,32,0,230
BRDA:470,32,1,102
BRDA:472,33,0,93
BRDA:472,33,1,137
BRDA:475,34,0,68
BRDA:475,34,1,25
BRDA:483,35,0,7
BRDA:483,35,1,130
BRDA:493,36,0,130
BRDA:493,36,1,0
BRDA:541,37,0,4
BRDA:541,37,1,30
BRDA:541,38,0,4
BRDA:541,38,1,0
BRDA:577,39,0,2
BRDA:577,39,1,182
BRDA:594,40,0,152
BRDA:594,40,1,30
BRDA:596,41,0,152
BRDA:596,41,1,0
BRDA:602,42,0,26
BRDA:602,42,1,4
BRDA:605,43,0,154
BRDA:605,43,1,22
BRDA:607,44,0,150
BRDA:607,44,1,4
BRDA:632,45,0,0
BRDA:632,45,1,0
BRDA:635,46,0,0
BRDA:635,46,1,0
BRDA:638,47,0,0
BRDA:638,47,1,0
BRDA:654,48,0,12
BRDA:654,48,1,3
BRDA:672,49,0,164
BRDA:672,49,1,2
BRDA:673,50,0,160
BRDA:673,50,1,4
BRDA:677,51,0,156
BRDA:677,51,1,4
BRDA:695,52,0,26
BRDA:695,52,1,0
BRDA:697,53,0,26
BRDA:697,53,1,0
BRDA:705,54,0,26
BRDA:705,54,1,0
BRDA:717,55,0,133
BRDA:717,55,1,0
BRDA:726,56,0,2
BRDA:726,56,1,0
BRDA:727,57,0,2
BRDA:727,57,1,0
BRDA:731,58,0,26
BRDA:731,58,1,0
BRDA:735,59,0,84
BRDA:735,59,1,0
BRDA:739,60,0,82
BRDA:739,60,1,0
BRDA:754,61,0,39
BRDA:754,61,1,0
BRDA:755,62,0,39
BRDA:755,62,1,0
BRF:124
BRH:79
end_of_record
